Step: build-step-credential-initializer:

{"level":"warn","ts":1549677847.9921904,"logger":"fallback-logger","caller":"logging/config.go:65","msg":"Fetch GitHub commit ID from kodata failed: \"ref: refs/heads/test\" is not a valid GitHub commit ID"}
{"level":"info","ts":1549677847.995536,"logger":"fallback-logger","caller":"creds-init/main.go:40","msg":"Credentials initialized."}
Step: build-step-git-source-0:

{"level":"warn","ts":1549677850.2394252,"logger":"fallback-logger","caller":"logging/config.go:65","msg":"Fetch GitHub commit ID from kodata failed: \"ref: refs/heads/test\" is not a valid GitHub commit ID"}
{"level":"info","ts":1549677850.876822,"logger":"fallback-logger","caller":"git-init/main.go:92","msg":"Successfully cloned \"https://github.com/junibutler/everest.git\" @ \"master\" in path \"/workspace\""}
Step: build-step-jenkins:

Picked up _JAVA_OPTIONS: -Xmx400m
Started
Running in Durability level: PERFORMANCE_OPTIMIZED
  19.678 [id=29]	WARNING	i.f.k.c.i.VersionUsageUtils#alert: The client is using resource type 'customresourcedefinitions' with unstable version 'v1beta1'
[Pipeline] node
Running on Jenkins in /tmp/jenkinsTests.tmp/jenkins8313835263839562866test/workspace/job
[Pipeline] {
[Pipeline] stage
[Pipeline] { (Declarative: Checkout SCM)
[Pipeline] checkout
[Pipeline] }
[Pipeline] // stage
[Pipeline] withCredentials
[Pipeline] {
[Pipeline] withEnv
[Pipeline] {
[Pipeline] stage
[Pipeline] { (CI Build and push snapshot)
Stage "CI Build and push snapshot" skipped due to when conditional
[Pipeline] }
[Pipeline] // stage
[Pipeline] stage
[Pipeline] { (Build Release)
[Pipeline] dir
Running in /home/jenkins/go/src/github.com/junibutler/everest
[Pipeline] {
[Pipeline] git
Cloning the remote Git repository
Cloning repository https://github.com/junibutler/everest.git
 > git init /home/jenkins/go/src/github.com/junibutler/everest # timeout=10
Fetching upstream changes from https://github.com/junibutler/everest.git
 > git --version # timeout=10
 > git fetch --tags --progress https://github.com/junibutler/everest.git +refs/heads/*:refs/remotes/origin/*
 > git config remote.origin.url https://github.com/junibutler/everest.git # timeout=10
 > git config --add remote.origin.fetch +refs/heads/*:refs/remotes/origin/* # timeout=10
 > git config remote.origin.url https://github.com/junibutler/everest.git # timeout=10
Fetching upstream changes from https://github.com/junibutler/everest.git
 > git fetch --tags --progress https://github.com/junibutler/everest.git +refs/heads/*:refs/remotes/origin/*
 > git rev-parse refs/remotes/origin/master^{commit} # timeout=10
 > git rev-parse refs/remotes/origin/origin/master^{commit} # timeout=10
Checking out Revision ca994f2a4df43cfc683fc83667229e54b8b6af7c (refs/remotes/origin/master)
 > git config core.sparsecheckout # timeout=10
 > git checkout -f ca994f2a4df43cfc683fc83667229e54b8b6af7c
 > git branch -a -v --no-abbrev # timeout=10
 > git checkout -b master ca994f2a4df43cfc683fc83667229e54b8b6af7c
Commit message: "Draft create"
First time build. Skipping changelog.
[Pipeline] sh
+ jx-release-version
+ echo 0.0.1
[Pipeline] sh
+ cat VERSION
+ jx step tag --version 0.0.1
Tag v0.0.1 created and pushed to remote origin
[Pipeline] sh
+ make build
CGO_ENABLED=0 GO15VENDOREXPERIMENT=1 go build -ldflags '' -o bin/everest main.go
[Pipeline] sh
+ cat VERSION
+ export VERSION=0.0.1
+ skaffold build -f skaffold.yaml
time="2019-02-09T02:07:04Z" level=warning msg="config version (skaffold/v1beta2) out of date: upgrading to latest (skaffold/v1beta3)"
Starting build...
Building [changeme]...
Sending build context to Docker daemon  525.8kBSending build context to Docker daemon  6.502MB
Step 1/4 : FROM scratch
 ---> 
Step 2/4 : EXPOSE 8080
 ---> Running in 5e5365f63c31
 ---> 38b131975185
Step 3/4 : ENTRYPOINT /everest
 ---> Running in 1fefcdf31f5d
 ---> cf08e1c46781
Step 4/4 : COPY ./bin/ /
 ---> 3b2e8e1643a7
Successfully built 3b2e8e1643a7
The push refers to a repository [10.47.241.185:5000/junibutler/everest]
aa1dee4f23d9: Preparing
aa1dee4f23d9: Pushed
0.0.1: digest: sha256:a12ef64b9c8d3bc59531e2b5321f1f87b42e03975747bc200146da12be0a472a size: 528
Build complete in 1.730712662s
Starting test...
Test complete in 4.756µs
changeme -> 10.47.241.185:5000/junibutler/everest:0.0.1
There is a new version (0.22.0) of skaffold available. Download it at https://storage.googleapis.com/skaffold/releases/latest/skaffold-linux-amd64

[Pipeline] sh
+ cat VERSION
+ jx step post build --image 10.47.241.185:5000/junibutler/everest:0.0.1
[Pipeline] }
[Pipeline] // dir
[Pipeline] }
[Pipeline] // stage
[Pipeline] stage
[Pipeline] { (Promote to Environments)
[Pipeline] dir
Running in /home/jenkins/go/src/github.com/junibutler/everest/charts/everest
[Pipeline] {
[Pipeline] sh
+ cat ../../VERSION
+ jx step changelog --version v0.0.1
Using batch mode as inside a pipeline
Generating change log from git ref ca994f2a4df43cfc683fc83667229e54b8b6af7c => f4956e75f9e0639b6197d447e8f9cf3c58eef93b
Failed to enrich commits with issues: User.jenkins.io "" is invalid: metadata.name: Required value: name or generateName is required
Failed to enrich commits with issues: User.jenkins.io "" is invalid: metadata.name: Required value: name or generateName is required
Finding issues in commit messages using git format
No release found for junibutler/everest and tag v0.0.1 so creating a new release
Updated the release information at https://github.com/junibutler/everest/releases/tag/v0.0.1
generated: /home/jenkins/go/src/github.com/junibutler/everest/charts/everest/templates/release.yaml
Created Release everest-0-0-1 resource in namespace jx
Updating PipelineActivity junibutler-everest-master-1 with version 0.0.1
Updated PipelineActivities junibutler-everest-master-1 with release notes URL: https://github.com/junibutler/everest/releases/tag/v0.0.1
[Pipeline] sh
+ jx step helm release
No $CHART_REPOSITORY defined so using the default value of: http://jenkins-x-chartmuseum:8080
Adding missing Helm repo: jenkins-x http://chartmuseum.jenkins-x.io
Successfully added Helm repository jenkins-x.
Adding missing Helm repo: releases http://jenkins-x-chartmuseum:8080
Successfully added Helm repository releases.
No $CHART_REPOSITORY defined so using the default value of: http://jenkins-x-chartmuseum:8080
Uploading chart file everest-0.0.1.tgz to http://jenkins-x-chartmuseum:8080/api/charts
Received 201 response: {"saved":true}
[Pipeline] sh
+ cat ../../VERSION
+ jx promote -b --all-auto --timeout 1h --version 0.0.1
prow based install so skip waiting for the merge of Pull Requests to go green as currently there is an issue with gettingstatuses from the PR, see https://github.com/jenkins-x/jx/issues/2410
Promoting app everest version 0.0.1 to namespace jx-staging
Created Pull Request: https://github.com/cloudbees/environment-everest-staging/pull/1

Pull Request https://github.com/cloudbees/environment-everest-staging/pull/1 is merged at sha 4132415ef7b40109166230d2ddfa9a568b575fb3
Pull Request merged but we are not waiting for the update pipeline to complete!
Could not find the service URL in namespace jx-staging for names everest, jx-everest, jx-staging-everest
[Pipeline] }
[Pipeline] // dir
[Pipeline] }
[Pipeline] // stage
[Pipeline] }
[Pipeline] // withEnv
[Pipeline] }
[Pipeline] // withCredentials
[Pipeline] }
[Pipeline] // node
[Pipeline] End of Pipeline
Finished: SUCCESS
